<?xml version="1.0" encoding="UTF-8"?>
<testsuite name="pt.up.fe.ldts.frogger.GameTest" tests="5" skipped="0" failures="0" errors="0" timestamp="2022-01-27T22:39:51" hostname="ISABEL-PC" time="0.06">
  <properties/>
  <testcase name="processKeyArrowRight()" classname="pt.up.fe.ldts.frogger.GameTest" time="0.042"/>
  <testcase name="drawTest()" classname="pt.up.fe.ldts.frogger.GameTest" time="0.005"/>
  <testcase name="processKeyArrowUp()" classname="pt.up.fe.ldts.frogger.GameTest" time="0.003"/>
  <testcase name="processKeyArrowDown()" classname="pt.up.fe.ldts.frogger.GameTest" time="0.003"/>
  <testcase name="processKeyArrowLeft()" classname="pt.up.fe.ldts.frogger.GameTest" time="0.002"/>
  <system-out><![CDATA[]]></system-out>
  <system-err><![CDATA[]]></system-err>
</testsuite>
