<?xml version="1.0" encoding="UTF-8"?>
<testsuite name="com.ldts.frogger.MoveFrogTest" tests="4" skipped="0" failures="0" errors="0" timestamp="2022-01-08T23:25:35" hostname="DESKTOP-PGKE5J9" time="0.022">
  <properties/>
  <testcase name="moveUpTest()" classname="com.ldts.frogger.MoveFrogTest" time="0.017"/>
  <testcase name="moveLeft()" classname="com.ldts.frogger.MoveFrogTest" time="0.001"/>
  <testcase name="moveRight()" classname="com.ldts.frogger.MoveFrogTest" time="0.0"/>
  <testcase name="moveDownTest()" classname="com.ldts.frogger.MoveFrogTest" time="0.001"/>
  <system-out><![CDATA[]]></system-out>
  <system-err><![CDATA[]]></system-err>
</testsuite>
