<?xml version="1.0" encoding="UTF-8"?>
<testsuite name="pt.up.fe.ldts.frogger.StateTest" tests="1" skipped="0" failures="0" errors="0" timestamp="2022-01-16T19:55:43" hostname="DESKTOP-PGKE5J9" time="10.625">
  <properties/>
  <testcase name="MenuStateTest()" classname="pt.up.fe.ldts.frogger.StateTest" time="10.625"/>
  <system-out><![CDATA[]]></system-out>
  <system-err><![CDATA[]]></system-err>
</testsuite>
