<?xml version="1.0" encoding="UTF-8"?>
<testsuite name="pt.up.fe.ldts.frogger.ArenaTest" tests="1" skipped="0" failures="0" errors="0" timestamp="2022-01-27T22:39:46" hostname="ISABEL-PC" time="3.781">
  <properties/>
  <testcase name="drawArenaTest()" classname="pt.up.fe.ldts.frogger.ArenaTest" time="3.781"/>
  <system-out><![CDATA[]]></system-out>
  <system-err><![CDATA[]]></system-err>
</testsuite>
