<?xml version="1.0" encoding="UTF-8"?>
<testsuite name="pt.up.fe.ldts.frogger.DrawElementsTest" tests="7" skipped="0" failures="0" errors="0" timestamp="2022-01-09T00:12:49" hostname="DESKTOP-PGKE5J9" time="0.672">
  <properties/>
  <testcase name="drawFrogTest()" classname="pt.up.fe.ldts.frogger.DrawElementsTest" time="0.597"/>
  <testcase name="drawTreeTrunkTest()" classname="pt.up.fe.ldts.frogger.DrawElementsTest" time="0.003"/>
  <testcase name="drawGrassTest()" classname="pt.up.fe.ldts.frogger.DrawElementsTest" time="0.026"/>
  <testcase name="drawCarTest()" classname="pt.up.fe.ldts.frogger.DrawElementsTest" time="0.004"/>
  <testcase name="drawWaterTest()" classname="pt.up.fe.ldts.frogger.DrawElementsTest" time="0.018"/>
  <testcase name="drawSideWalkTest()" classname="pt.up.fe.ldts.frogger.DrawElementsTest" time="0.015"/>
  <testcase name="drawTurtleTest()" classname="pt.up.fe.ldts.frogger.DrawElementsTest" time="0.003"/>
  <system-out><![CDATA[]]></system-out>
  <system-err><![CDATA[]]></system-err>
</testsuite>
