<?xml version="1.0" encoding="UTF-8"?>
<testsuite name="pt.up.fe.ldts.frogger.MoveFrogTest" tests="4" skipped="0" failures="0" errors="0" timestamp="2022-01-27T22:39:52" hostname="ISABEL-PC" time="0.024">
  <properties/>
  <testcase name="moveUpTest()" classname="pt.up.fe.ldts.frogger.MoveFrogTest" time="0.006"/>
  <testcase name="moveLeft()" classname="pt.up.fe.ldts.frogger.MoveFrogTest" time="0.002"/>
  <testcase name="moveRight()" classname="pt.up.fe.ldts.frogger.MoveFrogTest" time="0.009"/>
  <testcase name="moveDownTest()" classname="pt.up.fe.ldts.frogger.MoveFrogTest" time="0.001"/>
  <system-out><![CDATA[]]></system-out>
  <system-err><![CDATA[]]></system-err>
</testsuite>
