<?xml version="1.0" encoding="UTF-8"?>
<testsuite name="pt.up.fe.ldts.frogger.MoveMovableElementsTest" tests="3" skipped="0" failures="0" errors="0" timestamp="2022-01-27T22:39:52" hostname="ISABEL-PC" time="1.512">
  <properties/>
  <testcase name="moveTurtles()" classname="pt.up.fe.ldts.frogger.MoveMovableElementsTest" time="0.504"/>
  <testcase name="moveCars()" classname="pt.up.fe.ldts.frogger.MoveMovableElementsTest" time="0.503"/>
  <testcase name="moveTreeTrunks()" classname="pt.up.fe.ldts.frogger.MoveMovableElementsTest" time="0.502"/>
  <system-out><![CDATA[]]></system-out>
  <system-err><![CDATA[]]></system-err>
</testsuite>
