<?xml version="1.0" encoding="UTF-8"?>
<testsuite name="pt.up.fe.ldts.frogger.DrawElementsTest" tests="7" skipped="0" failures="0" errors="0" timestamp="2022-01-27T22:39:50" hostname="ISABEL-PC" time="0.462">
  <properties/>
  <testcase name="drawFrogTest()" classname="pt.up.fe.ldts.frogger.DrawElementsTest" time="0.251"/>
  <testcase name="drawTreeTrunkTest()" classname="pt.up.fe.ldts.frogger.DrawElementsTest" time="0.01"/>
  <testcase name="drawGrassTest()" classname="pt.up.fe.ldts.frogger.DrawElementsTest" time="0.082"/>
  <testcase name="drawCarTest()" classname="pt.up.fe.ldts.frogger.DrawElementsTest" time="0.006"/>
  <testcase name="drawWaterTest()" classname="pt.up.fe.ldts.frogger.DrawElementsTest" time="0.05"/>
  <testcase name="drawSideWalkTest()" classname="pt.up.fe.ldts.frogger.DrawElementsTest" time="0.047"/>
  <testcase name="drawTurtleTest()" classname="pt.up.fe.ldts.frogger.DrawElementsTest" time="0.006"/>
  <system-out><![CDATA[]]></system-out>
  <system-err><![CDATA[]]></system-err>
</testsuite>
